<?xml version="1.0" encoding="UTF-8"?>
<testng-results ignored="0" total="1" passed="1" failed="0" skipped="0">
  <reporter-output>
  </reporter-output>
  <suite started-at="2018-04-17T22:03:47Z" name="Surefire suite" finished-at="2018-04-17T22:04:49Z" duration-ms="61842">
    <groups>
    </groups>
    <test started-at="2018-04-17T22:03:47Z" name="Surefire test" finished-at="2018-04-17T22:04:49Z" duration-ms="61842">
      <class name="WebConfig">
        <test-method signature="test()" started-at="2018-04-17T22:03:47Z" name="test" finished-at="2018-04-17T22:04:49Z" duration-ms="61762" status="PASS">
          <reporter-output>
          </reporter-output>
        </test-method> <!-- test -->
      </class> <!-- WebConfig -->
    </test> <!-- Surefire test -->
  </suite> <!-- Surefire suite -->
</testng-results>
